[25/04/2026 01:22:17 a. m.] Starting AulaSegura...
[25/04/2026 01:22:17 a. m.] Initializing database...
[25/04/2026 01:22:18 a. m.] Database initialized successfully
[25/04/2026 01:22:18 a. m.] Creating test window...
[25/04/2026 01:22:18 a. m.] Test window shown
[25/04/2026 01:22:18 a. m.] Creating LoginView...
[25/04/2026 01:22:18 a. m.] LoginView created: True
[25/04/2026 01:22:18 a. m.] Showing LoginView...
[25/04/2026 01:22:18 a. m.] LoginView.Show() called
[25/04/2026 01:22:18 a. m.] Application startup complete
[25/04/2026 01:22:18 a. m.] LoginView activated
[25/04/2026 01:40:21 a. m.] Starting AulaSegura...
[25/04/2026 01:40:21 a. m.] Initializing database...
[25/04/2026 01:40:22 a. m.] Database initialized successfully
[25/04/2026 01:40:22 a. m.] Creating test window...
[25/04/2026 01:40:22 a. m.] Test window shown
[25/04/2026 01:40:22 a. m.] Creating LoginView...
[25/04/2026 01:40:22 a. m.] LoginView created: True
[25/04/2026 01:40:22 a. m.] Showing LoginView...
[25/04/2026 01:40:22 a. m.] LoginView.Show() called
[25/04/2026 01:40:22 a. m.] Application startup complete
[25/04/2026 01:40:22 a. m.] LoginView activated
[25/04/2026 02:12:29 a. m.] Starting AulaSegura...
[25/04/2026 02:12:30 a. m.] Initializing database...
[25/04/2026 02:12:31 a. m.] Database initialized successfully
[25/04/2026 02:12:31 a. m.] Creating test window...
[25/04/2026 02:12:31 a. m.] Test window shown
[25/04/2026 02:12:31 a. m.] Creating LoginView...
[25/04/2026 02:12:31 a. m.] LoginView created: True
[25/04/2026 02:12:31 a. m.] Showing LoginView...
[25/04/2026 02:12:32 a. m.] LoginView.Show() called
[25/04/2026 02:12:32 a. m.] Application startup complete
[25/04/2026 02:12:32 a. m.] LoginView activated
[25/04/2026 09:02:06 a. m.] Starting AulaSegura...
[25/04/2026 09:02:06 a. m.] Initializing database...
[25/04/2026 09:02:08 a. m.] Database initialized successfully
[25/04/2026 09:02:08 a. m.] Creating test window...
[25/04/2026 09:02:09 a. m.] Test window shown
[25/04/2026 09:02:09 a. m.] Creating LoginView...
[25/04/2026 09:02:09 a. m.] LoginView created: True
[25/04/2026 09:02:09 a. m.] Showing LoginView...
[25/04/2026 09:02:10 a. m.] LoginView.Show() called
[25/04/2026 09:02:10 a. m.] Application startup complete
[25/04/2026 09:02:10 a. m.] LoginView activated
[25/04/2026 10:55:51 a. m.] Starting AulaSegura...
[25/04/2026 10:55:51 a. m.] Initializing database...
[25/04/2026 10:55:53 a. m.] Database initialized successfully
[25/04/2026 10:55:53 a. m.] Creating test window...
[25/04/2026 10:55:54 a. m.] Test window shown
[25/04/2026 10:55:54 a. m.] Creating LoginView...
[25/04/2026 10:55:54 a. m.] LoginView created: True
[25/04/2026 10:55:54 a. m.] Showing LoginView...
[25/04/2026 10:55:54 a. m.] LoginView.Show() called
[25/04/2026 10:55:54 a. m.] Application startup complete
[25/04/2026 10:55:54 a. m.] LoginView activated
[25/04/2026 09:23:02 p. m.] Starting AulaSegura...
[25/04/2026 09:23:02 p. m.] Initializing database...
[25/04/2026 09:23:06 p. m.] Database initialized successfully
[25/04/2026 09:23:06 p. m.] Creating test window...
[25/04/2026 09:23:07 p. m.] Test window shown
[25/04/2026 09:23:07 p. m.] Creating LoginView...
[25/04/2026 09:23:07 p. m.] LoginView created: True
[25/04/2026 09:23:07 p. m.] Showing LoginView...
[25/04/2026 09:23:07 p. m.] LoginView.Show() called
[25/04/2026 09:23:07 p. m.] Application startup complete
[25/04/2026 09:23:07 p. m.] LoginView activated
[25/04/2026 10:03:02 p. m.] Starting AulaSegura...
[25/04/2026 10:03:02 p. m.] Initializing database...
[25/04/2026 10:03:06 p. m.] Database initialized successfully
[25/04/2026 10:03:06 p. m.] Creating test window...
[25/04/2026 10:03:07 p. m.] Test window shown
[25/04/2026 10:03:07 p. m.] Creating LoginView...
[25/04/2026 10:03:07 p. m.] LoginView created: True
[25/04/2026 10:03:07 p. m.] Showing LoginView...
[25/04/2026 10:03:07 p. m.] LoginView.Show() called
[25/04/2026 10:03:07 p. m.] Application startup complete
[25/04/2026 10:03:07 p. m.] LoginView activated
[25/04/2026 10:27:06 p. m.] Starting AulaSegura...
[25/04/2026 10:27:06 p. m.] Initializing database...
[25/04/2026 10:27:12 p. m.] Database initialized successfully
[25/04/2026 10:27:12 p. m.] Creating LoginView...
[25/04/2026 10:27:13 p. m.] LoginView created: True
[25/04/2026 10:27:13 p. m.] Showing LoginView...
[25/04/2026 10:27:13 p. m.] LoginView.Show() called
[25/04/2026 10:27:13 p. m.] Application startup complete
[25/04/2026 10:27:13 p. m.] LoginView activated
[25/04/2026 10:40:35 p. m.] Starting AulaSegura...
[25/04/2026 10:40:35 p. m.] Initializing database...
[25/04/2026 10:40:39 p. m.] Database initialized successfully
[25/04/2026 10:40:39 p. m.] Creating LoginView...
[25/04/2026 10:40:40 p. m.] LoginView created: True
[25/04/2026 10:40:40 p. m.] Showing LoginView...
[25/04/2026 10:40:40 p. m.] LoginView.Show() called
[25/04/2026 10:40:40 p. m.] Application startup complete
[25/04/2026 10:40:40 p. m.] LoginView activated
[25/04/2026 10:58:25 p. m.] Starting AulaSegura...
[25/04/2026 10:58:25 p. m.] Initializing database...
[25/04/2026 10:58:28 p. m.] Database initialized successfully
[25/04/2026 10:58:28 p. m.] Creating LoginView...
[25/04/2026 10:58:29 p. m.] LoginView created: True
[25/04/2026 10:58:29 p. m.] Showing LoginView...
[25/04/2026 10:58:29 p. m.] LoginView.Show() called
[25/04/2026 10:58:29 p. m.] Application startup complete
[25/04/2026 10:58:29 p. m.] LoginView activated
[25/04/2026 11:13:33 p. m.] Starting AulaSegura...
[25/04/2026 11:13:33 p. m.] Initializing database...
[25/04/2026 11:13:34 p. m.] Database initialized successfully
[25/04/2026 11:13:34 p. m.] Creating LoginView...
[25/04/2026 11:13:34 p. m.] LoginView created: True
[25/04/2026 11:13:34 p. m.] Showing LoginView...
[25/04/2026 11:13:34 p. m.] LoginView.Show() called
[25/04/2026 11:13:34 p. m.] Application startup complete
[25/04/2026 11:13:34 p. m.] LoginView activated
[25/04/2026 11:30:45 p. m.] Starting AulaSegura...
[25/04/2026 11:30:45 p. m.] Initializing database...
[25/04/2026 11:30:52 p. m.] Database initialized successfully
[25/04/2026 11:30:52 p. m.] Creating LoginView...
[25/04/2026 11:30:53 p. m.] LoginView created: True
[25/04/2026 11:30:53 p. m.] Showing LoginView...
[25/04/2026 11:30:53 p. m.] LoginView.Show() called
[25/04/2026 11:30:53 p. m.] Application startup complete
[25/04/2026 11:30:53 p. m.] LoginView activated
[25/04/2026 11:58:12 p. m.] Starting AulaSegura...
[25/04/2026 11:58:12 p. m.] Initializing database...
[25/04/2026 11:58:15 p. m.] Database initialized successfully
[25/04/2026 11:58:15 p. m.] Creating LoginView...
[25/04/2026 11:58:15 p. m.] LoginView created: True
[25/04/2026 11:58:15 p. m.] Showing LoginView...
[25/04/2026 11:58:15 p. m.] LoginView.Show() called
[25/04/2026 11:58:15 p. m.] Application startup complete
[25/04/2026 11:58:15 p. m.] LoginView activated
[26/04/2026 01:07:24 a. m.] Starting AulaSegura...
[26/04/2026 01:07:24 a. m.] Initializing database...
[26/04/2026 01:07:27 a. m.] Database initialized successfully
[26/04/2026 01:07:27 a. m.] Creating LoginView...
[26/04/2026 01:07:27 a. m.] LoginView created: True
[26/04/2026 01:07:27 a. m.] Showing LoginView...
[26/04/2026 01:07:27 a. m.] LoginView.Show() called
[26/04/2026 01:07:27 a. m.] Application startup complete
[26/04/2026 01:07:27 a. m.] LoginView activated
[26/04/2026 01:06:47 p. m.] Starting AulaSegura...
[26/04/2026 01:06:47 p. m.] Initializing database...
[26/04/2026 01:06:52 p. m.] Database initialized successfully
[26/04/2026 01:06:52 p. m.] Creating LoginView...
[26/04/2026 01:06:52 p. m.] LoginView created: True
[26/04/2026 01:06:52 p. m.] Showing LoginView...
[26/04/2026 01:06:53 p. m.] LoginView.Show() called
[26/04/2026 01:06:53 p. m.] Application startup complete
[26/04/2026 01:06:53 p. m.] LoginView activated
[26/04/2026 01:26:29 p. m.] Starting AulaSegura...
[26/04/2026 01:26:29 p. m.] Initializing database...
[26/04/2026 01:26:29 p. m.] Database initialized successfully
[26/04/2026 01:26:29 p. m.] Creating LoginView...
[26/04/2026 01:26:30 p. m.] LoginView created: True
[26/04/2026 01:26:30 p. m.] Showing LoginView...
[26/04/2026 01:26:30 p. m.] LoginView.Show() called
[26/04/2026 01:26:30 p. m.] Application startup complete
[26/04/2026 01:26:30 p. m.] LoginView activated
[26/04/2026 02:17:01 p. m.] Starting AulaSegura...
[26/04/2026 02:17:01 p. m.] Initializing database...
[26/04/2026 02:17:04 p. m.] Database initialized successfully
[26/04/2026 02:17:04 p. m.] Creating LoginView...
[26/04/2026 02:17:04 p. m.] LoginView created: True
[26/04/2026 02:17:04 p. m.] Showing LoginView...
[26/04/2026 02:17:05 p. m.] LoginView.Show() called
[26/04/2026 02:17:05 p. m.] Application startup complete
[26/04/2026 02:17:05 p. m.] LoginView activated
[26/04/2026 02:37:48 p. m.] Starting AulaSegura...
[26/04/2026 02:37:49 p. m.] Initializing database...
[26/04/2026 02:37:52 p. m.] Database initialized successfully
[26/04/2026 02:37:52 p. m.] Creating LoginView...
[26/04/2026 02:37:52 p. m.] LoginView created: True
[26/04/2026 02:37:52 p. m.] Showing LoginView...
[26/04/2026 02:37:53 p. m.] LoginView.Show() called
[26/04/2026 02:37:53 p. m.] Application startup complete
[26/04/2026 02:37:53 p. m.] LoginView activated
[26/04/2026 07:30:00 p. m.] Starting AulaSegura...
[26/04/2026 07:30:00 p. m.] Initializing database...
[26/04/2026 07:30:03 p. m.] Database initialized successfully
[26/04/2026 07:30:03 p. m.] Creating LoginView...
[26/04/2026 07:30:03 p. m.] LoginView created: True
[26/04/2026 07:30:03 p. m.] Showing LoginView...
[26/04/2026 07:30:03 p. m.] LoginView.Show() called
[26/04/2026 07:30:03 p. m.] Application startup complete
[26/04/2026 07:30:03 p. m.] LoginView activated
[26/04/2026 08:17:29 p. m.] Starting AulaSegura...
[26/04/2026 08:17:29 p. m.] Initializing database...
[26/04/2026 08:17:34 p. m.] ERROR: SQLite Error 1: 'no such table: Keywords'.
   at Microsoft.Data.Sqlite.SqliteException.ThrowExceptionForRC(Int32 rc, sqlite3 db)
   at Microsoft.Data.Sqlite.SqliteCommand.PrepareAndEnumerateStatements()+MoveNext()
   at Microsoft.Data.Sqlite.SqliteCommand.GetStatements()+MoveNext()
   at Microsoft.Data.Sqlite.SqliteDataReader.NextResult()
   at Microsoft.Data.Sqlite.SqliteCommand.ExecuteReader(CommandBehavior behavior)
   at Microsoft.Data.Sqlite.SqliteCommand.ExecuteReaderAsync(CommandBehavior behavior, CancellationToken cancellationToken)
   at Microsoft.Data.Sqlite.SqliteCommand.ExecuteDbDataReaderAsync(CommandBehavior behavior, CancellationToken cancellationToken)
   at Microsoft.EntityFrameworkCore.Storage.RelationalCommand.ExecuteReaderAsync(RelationalCommandParameterObject parameterObject, CancellationToken cancellationToken)
   at Microsoft.EntityFrameworkCore.Storage.RelationalCommand.ExecuteReaderAsync(RelationalCommandParameterObject parameterObject, CancellationToken cancellationToken)
   at Microsoft.EntityFrameworkCore.Query.Internal.SingleQueryingEnumerable`1.AsyncEnumerator.InitializeReaderAsync(AsyncEnumerator enumerator, CancellationToken cancellationToken)
   at Microsoft.EntityFrameworkCore.Query.Internal.SingleQueryingEnumerable`1.AsyncEnumerator.MoveNextAsync()
   at Microsoft.EntityFrameworkCore.Query.ShapedQueryCompilingExpressionVisitor.SingleAsync[TSource](IAsyncEnumerable`1 asyncEnumerable, CancellationToken cancellationToken)
   at Microsoft.EntityFrameworkCore.Query.ShapedQueryCompilingExpressionVisitor.SingleAsync[TSource](IAsyncEnumerable`1 asyncEnumerable, CancellationToken cancellationToken)
   at AulaSegura.Infrastructure.Seeding.DatabaseSeeder.SeedKeywordsAsync(AulaSeguraDbContext context) in D:\APKICATIVO DE CONTROL DE PAGINAS\AulaSegura\src\AulaSegura.Infrastructure\Seeding\DatabaseSeeder.cs:line 225
   at AulaSegura.Infrastructure.Seeding.DatabaseSeeder.SeedAsync(AulaSeguraDbContext context) in D:\APKICATIVO DE CONTROL DE PAGINAS\AulaSegura\src\AulaSegura.Infrastructure\Seeding\DatabaseSeeder.cs:line 32
   at AulaSegura.Infrastructure.InfrastructureConfiguration.InitializeDatabaseAsync(IServiceProvider serviceProvider) in D:\APKICATIVO DE CONTROL DE PAGINAS\AulaSegura\src\AulaSegura.Infrastructure\InfrastructureConfiguration.cs:line 57
   at AulaSegura.App.App.OnStartup(StartupEventArgs e) in D:\APKICATIVO DE CONTROL DE PAGINAS\AulaSegura\src\AulaSegura.App\App.xaml.cs:line 69

Inner: 

[26/04/2026 08:20:52 p. m.] Starting AulaSegura...
[26/04/2026 08:20:52 p. m.] Initializing database...
[26/04/2026 08:20:52 p. m.] ERROR: SQLite Error 1: 'no such table: Keywords'.
   at Microsoft.Data.Sqlite.SqliteException.ThrowExceptionForRC(Int32 rc, sqlite3 db)
   at Microsoft.Data.Sqlite.SqliteCommand.PrepareAndEnumerateStatements()+MoveNext()
   at Microsoft.Data.Sqlite.SqliteCommand.GetStatements()+MoveNext()
   at Microsoft.Data.Sqlite.SqliteDataReader.NextResult()
   at Microsoft.Data.Sqlite.SqliteCommand.ExecuteReader(CommandBehavior behavior)
   at Microsoft.Data.Sqlite.SqliteCommand.ExecuteReaderAsync(CommandBehavior behavior, CancellationToken cancellationToken)
   at Microsoft.Data.Sqlite.SqliteCommand.ExecuteDbDataReaderAsync(CommandBehavior behavior, CancellationToken cancellationToken)
   at Microsoft.EntityFrameworkCore.Storage.RelationalCommand.ExecuteReaderAsync(RelationalCommandParameterObject parameterObject, CancellationToken cancellationToken)
   at Microsoft.EntityFrameworkCore.Storage.RelationalCommand.ExecuteReaderAsync(RelationalCommandParameterObject parameterObject, CancellationToken cancellationToken)
   at Microsoft.EntityFrameworkCore.Query.Internal.SingleQueryingEnumerable`1.AsyncEnumerator.InitializeReaderAsync(AsyncEnumerator enumerator, CancellationToken cancellationToken)
   at Microsoft.EntityFrameworkCore.Query.Internal.SingleQueryingEnumerable`1.AsyncEnumerator.MoveNextAsync()
   at Microsoft.EntityFrameworkCore.Query.ShapedQueryCompilingExpressionVisitor.SingleAsync[TSource](IAsyncEnumerable`1 asyncEnumerable, CancellationToken cancellationToken)
   at Microsoft.EntityFrameworkCore.Query.ShapedQueryCompilingExpressionVisitor.SingleAsync[TSource](IAsyncEnumerable`1 asyncEnumerable, CancellationToken cancellationToken)
   at AulaSegura.Infrastructure.Seeding.DatabaseSeeder.SeedKeywordsAsync(AulaSeguraDbContext context) in D:\APKICATIVO DE CONTROL DE PAGINAS\AulaSegura\src\AulaSegura.Infrastructure\Seeding\DatabaseSeeder.cs:line 225
   at AulaSegura.Infrastructure.Seeding.DatabaseSeeder.SeedAsync(AulaSeguraDbContext context) in D:\APKICATIVO DE CONTROL DE PAGINAS\AulaSegura\src\AulaSegura.Infrastructure\Seeding\DatabaseSeeder.cs:line 32
   at AulaSegura.Infrastructure.InfrastructureConfiguration.InitializeDatabaseAsync(IServiceProvider serviceProvider) in D:\APKICATIVO DE CONTROL DE PAGINAS\AulaSegura\src\AulaSegura.Infrastructure\InfrastructureConfiguration.cs:line 57
   at AulaSegura.App.App.OnStartup(StartupEventArgs e) in D:\APKICATIVO DE CONTROL DE PAGINAS\AulaSegura\src\AulaSegura.App\App.xaml.cs:line 69

Inner: 

[26/04/2026 08:30:49 p. m.] Starting AulaSegura...
[26/04/2026 08:30:49 p. m.] Initializing database...
[26/04/2026 08:30:56 p. m.] ERROR: SQLite Error 1: 'no such table: Keywords'.
   at Microsoft.Data.Sqlite.SqliteException.ThrowExceptionForRC(Int32 rc, sqlite3 db)
   at Microsoft.Data.Sqlite.SqliteCommand.PrepareAndEnumerateStatements()+MoveNext()
   at Microsoft.Data.Sqlite.SqliteCommand.GetStatements()+MoveNext()
   at Microsoft.Data.Sqlite.SqliteDataReader.NextResult()
   at Microsoft.Data.Sqlite.SqliteCommand.ExecuteReader(CommandBehavior behavior)
   at Microsoft.Data.Sqlite.SqliteCommand.ExecuteReaderAsync(CommandBehavior behavior, CancellationToken cancellationToken)
   at Microsoft.Data.Sqlite.SqliteCommand.ExecuteDbDataReaderAsync(CommandBehavior behavior, CancellationToken cancellationToken)
   at Microsoft.EntityFrameworkCore.Storage.RelationalCommand.ExecuteReaderAsync(RelationalCommandParameterObject parameterObject, CancellationToken cancellationToken)
   at Microsoft.EntityFrameworkCore.Storage.RelationalCommand.ExecuteReaderAsync(RelationalCommandParameterObject parameterObject, CancellationToken cancellationToken)
   at Microsoft.EntityFrameworkCore.Query.Internal.SingleQueryingEnumerable`1.AsyncEnumerator.InitializeReaderAsync(AsyncEnumerator enumerator, CancellationToken cancellationToken)
   at Microsoft.EntityFrameworkCore.Query.Internal.SingleQueryingEnumerable`1.AsyncEnumerator.MoveNextAsync()
   at Microsoft.EntityFrameworkCore.Query.ShapedQueryCompilingExpressionVisitor.SingleAsync[TSource](IAsyncEnumerable`1 asyncEnumerable, CancellationToken cancellationToken)
   at Microsoft.EntityFrameworkCore.Query.ShapedQueryCompilingExpressionVisitor.SingleAsync[TSource](IAsyncEnumerable`1 asyncEnumerable, CancellationToken cancellationToken)
   at AulaSegura.Infrastructure.Seeding.DatabaseSeeder.SeedKeywordsAsync(AulaSeguraDbContext context) in D:\APKICATIVO DE CONTROL DE PAGINAS\AulaSegura\src\AulaSegura.Infrastructure\Seeding\DatabaseSeeder.cs:line 225
   at AulaSegura.Infrastructure.Seeding.DatabaseSeeder.SeedAsync(AulaSeguraDbContext context) in D:\APKICATIVO DE CONTROL DE PAGINAS\AulaSegura\src\AulaSegura.Infrastructure\Seeding\DatabaseSeeder.cs:line 32
   at AulaSegura.Infrastructure.InfrastructureConfiguration.InitializeDatabaseAsync(IServiceProvider serviceProvider) in D:\APKICATIVO DE CONTROL DE PAGINAS\AulaSegura\src\AulaSegura.Infrastructure\InfrastructureConfiguration.cs:line 57
   at AulaSegura.App.App.OnStartup(StartupEventArgs e) in D:\APKICATIVO DE CONTROL DE PAGINAS\AulaSegura\src\AulaSegura.App\App.xaml.cs:line 69

Inner: 

[26/04/2026 08:32:47 p. m.] Starting AulaSegura...
[26/04/2026 08:32:47 p. m.] Initializing database...
[26/04/2026 08:32:49 p. m.] ERROR: SQLite Error 1: 'no such table: Keywords'.
   at Microsoft.Data.Sqlite.SqliteException.ThrowExceptionForRC(Int32 rc, sqlite3 db)
   at Microsoft.Data.Sqlite.SqliteCommand.PrepareAndEnumerateStatements()+MoveNext()
   at Microsoft.Data.Sqlite.SqliteCommand.GetStatements()+MoveNext()
   at Microsoft.Data.Sqlite.SqliteDataReader.NextResult()
   at Microsoft.Data.Sqlite.SqliteCommand.ExecuteReader(CommandBehavior behavior)
   at Microsoft.Data.Sqlite.SqliteCommand.ExecuteReaderAsync(CommandBehavior behavior, CancellationToken cancellationToken)
   at Microsoft.Data.Sqlite.SqliteCommand.ExecuteDbDataReaderAsync(CommandBehavior behavior, CancellationToken cancellationToken)
   at Microsoft.EntityFrameworkCore.Storage.RelationalCommand.ExecuteReaderAsync(RelationalCommandParameterObject parameterObject, CancellationToken cancellationToken)
   at Microsoft.EntityFrameworkCore.Storage.RelationalCommand.ExecuteReaderAsync(RelationalCommandParameterObject parameterObject, CancellationToken cancellationToken)
   at Microsoft.EntityFrameworkCore.Query.Internal.SingleQueryingEnumerable`1.AsyncEnumerator.InitializeReaderAsync(AsyncEnumerator enumerator, CancellationToken cancellationToken)
   at Microsoft.EntityFrameworkCore.Query.Internal.SingleQueryingEnumerable`1.AsyncEnumerator.MoveNextAsync()
   at Microsoft.EntityFrameworkCore.Query.ShapedQueryCompilingExpressionVisitor.SingleAsync[TSource](IAsyncEnumerable`1 asyncEnumerable, CancellationToken cancellationToken)
   at Microsoft.EntityFrameworkCore.Query.ShapedQueryCompilingExpressionVisitor.SingleAsync[TSource](IAsyncEnumerable`1 asyncEnumerable, CancellationToken cancellationToken)
   at AulaSegura.Infrastructure.Seeding.DatabaseSeeder.SeedKeywordsAsync(AulaSeguraDbContext context) in D:\APKICATIVO DE CONTROL DE PAGINAS\AulaSegura\src\AulaSegura.Infrastructure\Seeding\DatabaseSeeder.cs:line 225
   at AulaSegura.Infrastructure.Seeding.DatabaseSeeder.SeedAsync(AulaSeguraDbContext context) in D:\APKICATIVO DE CONTROL DE PAGINAS\AulaSegura\src\AulaSegura.Infrastructure\Seeding\DatabaseSeeder.cs:line 32
   at AulaSegura.Infrastructure.InfrastructureConfiguration.InitializeDatabaseAsync(IServiceProvider serviceProvider) in D:\APKICATIVO DE CONTROL DE PAGINAS\AulaSegura\src\AulaSegura.Infrastructure\InfrastructureConfiguration.cs:line 57
   at AulaSegura.App.App.OnStartup(StartupEventArgs e) in D:\APKICATIVO DE CONTROL DE PAGINAS\AulaSegura\src\AulaSegura.App\App.xaml.cs:line 69

Inner: 

[26/04/2026 08:38:14 p. m.] Starting AulaSegura...
[26/04/2026 08:38:14 p. m.] Initializing database...
[26/04/2026 08:38:17 p. m.] Database initialized successfully
[26/04/2026 08:38:17 p. m.] Creating LoginView...
[26/04/2026 08:38:17 p. m.] LoginView created: True
[26/04/2026 08:38:17 p. m.] Showing LoginView...
[26/04/2026 08:38:17 p. m.] LoginView.Show() called
[26/04/2026 08:38:17 p. m.] Application startup complete
[26/04/2026 08:38:17 p. m.] LoginView activated
[26/04/2026 09:01:45 p. m.] Starting AulaSegura...
[26/04/2026 09:01:46 p. m.] Initializing database...
[26/04/2026 09:01:48 p. m.] Database initialized successfully
[26/04/2026 09:01:48 p. m.] Creating LoginView...
[26/04/2026 09:01:48 p. m.] LoginView created: True
[26/04/2026 09:01:48 p. m.] Showing LoginView...
[26/04/2026 09:01:49 p. m.] LoginView.Show() called
[26/04/2026 09:01:49 p. m.] Application startup complete
[26/04/2026 09:01:49 p. m.] LoginView activated
[26/04/2026 09:20:09 p. m.] Starting AulaSegura...
[26/04/2026 09:20:09 p. m.] Initializing database...
[26/04/2026 09:20:12 p. m.] Database initialized successfully
[26/04/2026 09:20:12 p. m.] Creating LoginView...
[26/04/2026 09:20:12 p. m.] LoginView created: True
[26/04/2026 09:20:12 p. m.] Showing LoginView...
[26/04/2026 09:20:12 p. m.] LoginView.Show() called
[26/04/2026 09:20:12 p. m.] Application startup complete
[26/04/2026 09:20:12 p. m.] LoginView activated
[26/04/2026 09:31:37 p. m.] Starting AulaSegura...
[26/04/2026 09:31:37 p. m.] Initializing database...
[26/04/2026 09:31:39 p. m.] Database initialized successfully
[26/04/2026 09:31:39 p. m.] Creating LoginView...
[26/04/2026 09:31:39 p. m.] LoginView created: True
[26/04/2026 09:31:39 p. m.] Showing LoginView...
[26/04/2026 09:31:39 p. m.] LoginView.Show() called
[26/04/2026 09:31:39 p. m.] Application startup complete
[26/04/2026 09:31:39 p. m.] LoginView activated
[27/04/2026 11:43:40 a. m.] Starting AulaSegura...
[27/04/2026 11:43:40 a. m.] Initializing database...
[27/04/2026 11:43:47 a. m.] Database initialized successfully
[27/04/2026 11:43:47 a. m.] Creating LoginView...
[27/04/2026 11:43:47 a. m.] LoginView created: True
[27/04/2026 11:43:47 a. m.] Showing LoginView...
[27/04/2026 11:43:48 a. m.] LoginView.Show() called
[27/04/2026 11:43:48 a. m.] Application startup complete
[27/04/2026 11:43:48 a. m.] LoginView activated
[27/04/2026 03:36:20 p. m.] Starting AulaSegura...
[27/04/2026 03:36:21 p. m.] Initializing database...
[27/04/2026 03:36:29 p. m.] Database initialized successfully
[27/04/2026 03:36:29 p. m.] Creating LoginView...
[27/04/2026 03:36:30 p. m.] LoginView created: True
[27/04/2026 03:36:30 p. m.] Showing LoginView...
[27/04/2026 03:36:31 p. m.] LoginView.Show() called
[27/04/2026 03:36:31 p. m.] Application startup complete
[27/04/2026 03:36:31 p. m.] LoginView activated
[27/04/2026 06:32:38 p. m.] Starting AulaSegura...
[27/04/2026 06:32:38 p. m.] Initializing database...
[27/04/2026 06:32:43 p. m.] Database initialized successfully
[27/04/2026 06:32:43 p. m.] Creating LoginView...
[27/04/2026 06:32:43 p. m.] LoginView created: True
[27/04/2026 06:32:43 p. m.] Showing LoginView...
[27/04/2026 06:32:44 p. m.] LoginView.Show() called
[27/04/2026 06:32:44 p. m.] Application startup complete
[27/04/2026 06:32:44 p. m.] LoginView activated
[27/04/2026 07:41:25 p. m.] Starting AulaSegura...
[27/04/2026 07:41:25 p. m.] Initializing database...
[27/04/2026 07:41:30 p. m.] Database initialized successfully
[27/04/2026 07:41:30 p. m.] Creating LoginView...
[27/04/2026 07:41:30 p. m.] LoginView created: True
[27/04/2026 07:41:30 p. m.] Showing LoginView...
[27/04/2026 07:41:30 p. m.] LoginView.Show() called
[27/04/2026 07:41:30 p. m.] Application startup complete
[27/04/2026 07:41:30 p. m.] LoginView activated
[27/04/2026 09:21:45 p. m.] Starting AulaSegura...
[27/04/2026 09:21:45 p. m.] Initializing database...
[27/04/2026 09:21:48 p. m.] Database initialized successfully
[27/04/2026 09:21:48 p. m.] Creating LoginView...
[27/04/2026 09:21:48 p. m.] LoginView created: True
[27/04/2026 09:21:48 p. m.] Showing LoginView...
[27/04/2026 09:21:49 p. m.] LoginView.Show() called
[27/04/2026 09:21:49 p. m.] Application startup complete
[27/04/2026 09:21:49 p. m.] LoginView activated
[28/04/2026 06:23:59 a. m.] Starting AulaSegura...
[28/04/2026 06:23:59 a. m.] Initializing database...
[28/04/2026 06:24:05 a. m.] Database initialized successfully
[28/04/2026 06:24:05 a. m.] Creating LoginView...
[28/04/2026 06:24:05 a. m.] LoginView created: True
[28/04/2026 06:24:05 a. m.] Showing LoginView...
[28/04/2026 06:24:05 a. m.] LoginView.Show() called
[28/04/2026 06:24:05 a. m.] Application startup complete
[28/04/2026 06:24:05 a. m.] LoginView activated
[28/04/2026 01:18:48 p. m.] Starting AulaSegura...
[28/04/2026 01:18:48 p. m.] Initializing database...
[28/04/2026 01:18:51 p. m.] Database initialized successfully
[28/04/2026 01:18:51 p. m.] Creating LoginView...
[28/04/2026 01:18:51 p. m.] LoginView created: True
[28/04/2026 01:18:51 p. m.] Showing LoginView...
[28/04/2026 01:18:52 p. m.] LoginView.Show() called
[28/04/2026 01:18:52 p. m.] Application startup complete
[28/04/2026 01:18:52 p. m.] LoginView activated
[28/04/2026 01:27:41 p. m.] Starting AulaSegura...
[28/04/2026 01:27:41 p. m.] Initializing database...
[28/04/2026 01:27:44 p. m.] Database initialized successfully
[28/04/2026 01:27:44 p. m.] Creating LoginView...
[28/04/2026 01:27:44 p. m.] LoginView created: True
[28/04/2026 01:27:44 p. m.] Showing LoginView...
[28/04/2026 01:27:44 p. m.] LoginView.Show() called
[28/04/2026 01:27:44 p. m.] Application startup complete
[28/04/2026 01:27:44 p. m.] LoginView activated
[28/04/2026 07:29:59 p. m.] Starting AulaSegura...
[28/04/2026 07:29:59 p. m.] Initializing database...
[28/04/2026 07:30:02 p. m.] Database initialized successfully
[28/04/2026 07:30:02 p. m.] Creating LoginView...
[28/04/2026 07:30:03 p. m.] LoginView created: True
[28/04/2026 07:30:03 p. m.] Showing LoginView...
[28/04/2026 07:30:03 p. m.] LoginView.Show() called
[28/04/2026 07:30:03 p. m.] Application startup complete
[28/04/2026 07:30:03 p. m.] LoginView activated
[28/04/2026 07:54:48 p. m.] Starting AulaSegura...
[28/04/2026 07:54:48 p. m.] Initializing database...
[28/04/2026 07:54:52 p. m.] Database initialized successfully
[28/04/2026 07:54:52 p. m.] Creating LoginView...
[28/04/2026 07:54:52 p. m.] LoginView created: True
[28/04/2026 07:54:52 p. m.] Showing LoginView...
[28/04/2026 07:54:52 p. m.] LoginView.Show() called
[28/04/2026 07:54:52 p. m.] Application startup complete
[28/04/2026 07:54:52 p. m.] LoginView activated
[28/04/2026 08:03:33 p. m.] Starting AulaSegura...
[28/04/2026 08:03:33 p. m.] Initializing database...
[28/04/2026 08:03:36 p. m.] Database initialized successfully
[28/04/2026 08:03:36 p. m.] Creating LoginView...
[28/04/2026 08:03:36 p. m.] LoginView created: True
[28/04/2026 08:03:36 p. m.] Showing LoginView...
[28/04/2026 08:03:36 p. m.] LoginView.Show() called
[28/04/2026 08:03:36 p. m.] Application startup complete
[28/04/2026 08:03:36 p. m.] LoginView activated
